<?xml version="1.0" encoding="UTF-8"?>
<!-- Generated by org.testng.reporters.JUnitReportReporter -->
<testsuite hostname="Keshav" failures="0" tests="1" name="TestRunner.DataTableWithParameter_4" time="14.777" errors="0" timestamp="2021-06-11T08:37:23 IST" skipped="0">
  <testcase classname="TestRunner.DataTableWithParameter_4" name="runScenario" time="14.777"/>
  <system-out/>
</testsuite> <!-- TestRunner.DataTableWithParameter_4 -->
