<?xml version="1.0" encoding="UTF-8"?>
<!-- Generated by org.testng.reporters.JUnitReportReporter -->
<testsuite hostname="Keshav" failures="0" tests="3" name="TestRunner.TaggedHookRunner" time="0.395" errors="0" timestamp="2021-06-11T17:20:18 IST" skipped="0">
  <testcase classname="TestRunner.TaggedHookRunner" name="runScenario" time="0.030"/>
  <system-out/>
  <testcase classname="TestRunner.TaggedHookRunner" name="runScenario" time="0.029"/>
  <system-out/>
  <testcase classname="TestRunner.TaggedHookRunner" name="runScenario" time="0.336"/>
  <system-out/>
</testsuite> <!-- TestRunner.TaggedHookRunner -->
