<?xml version="1.0" encoding="UTF-8"?>
<!-- Generated by org.testng.reporters.JUnitReportReporter -->
<testsuite hostname="Keshav" failures="0" tests="1" name="TestRunner.HooksExampleRunner" time="0.347" errors="0" timestamp="2021-06-11T14:44:35 IST" skipped="0">
  <testcase classname="TestRunner.HooksExampleRunner" name="runScenario" time="0.347"/>
  <system-out/>
</testsuite> <!-- TestRunner.HooksExampleRunner -->
