<?xml version="1.0" encoding="UTF-8"?>
<!-- Generated by org.testng.reporters.JUnitReportReporter -->
<testsuite hostname="Keshav" failures="0" tests="1" name="TestRunner.googlesearchRunner" time="10.014" errors="0" timestamp="2021-06-11T15:48:26 IST" skipped="0">
  <testcase classname="TestRunner.googlesearchRunner" name="runScenario" time="10.014"/>
  <system-out/>
</testsuite> <!-- TestRunner.googlesearchRunner -->
