<?xml version="1.0" encoding="UTF-8"?>
<!-- Generated by org.testng.reporters.JUnitReportReporter -->
<testsuite hostname="Keshav" failures="0" tests="1" name="stepDefinitions.regex_stepDef" time="0.016" errors="0" timestamp="2021-06-11T05:28:47 IST" skipped="0">
  <testcase classname="stepDefinitions.regex_stepDef" name="f" time="0.016"/>
  <system-out/>
</testsuite> <!-- stepDefinitions.regex_stepDef -->
