<?xml version="1.0" encoding="UTF-8"?>
<!-- Generated by org.testng.reporters.JUnitReportReporter -->
<testsuite hostname="Keshav" failures="0" tests="1" name="TestRunner.ParametertestRunner_3" time="20.355" errors="0" timestamp="2021-06-11T06:47:02 IST" skipped="0">
  <testcase classname="TestRunner.ParametertestRunner_3" name="runScenario" time="20.355"/>
  <system-out/>
</testsuite> <!-- TestRunner.ParametertestRunner_3 -->
